<?xml version="1.0" encoding="UTF-8"?><testsuite errors="0" failures="1" name="Choucair Academy Technical Challenge" skipped="0" tests="1" time="129.73" timestamp="2021-12-13 10:30:22"><testcase name="Create my username on Utest.com"><failure message="&#10;Expected: an element that is not currently enabled&#10;     but: no matching element found by xpath: //div[@name='osVersionId']/input was not currently enabled" type="java.lang.AssertionError">
Expected: an element that is not currently enabled
     but: no matching element found by xpath: //div[@name='osVersionId']/input was not currently enabled</failure><system-err>
Expected: an element that is not currently enabled
     but: no matching element found by xpath: //div[@name='osVersionId']/input was not currently enabled&#13;
co.com.choucair.retotecnico.tasks.DevicesUser.performAs(DevicesUser.java:34)&#13;
co.com.choucair.retotecnico.stepdefinitions.NewUserStepDefinitions.nelimaRegistersTheFormDataYourDevices(NewUserStepDefinitions.java:41)&#13;
cucumber.runner.Runner.runPickle(Runner.java:80)&#13;
</system-err></testcase></testsuite>